
2021-08-10 07:08:53.185 [nioEventLoopGroup-4-4] ERROR io.netty.util.ResourceLeakDetector - LEAK: ByteBuf.release() was not called before it's garbage-collected. See http://netty.io/wiki/reference-counted-objects.html for more information.
Recent access records: 
2021-28-10 07:28:05.101 [nioEventLoopGroup-5-1] ERROR io.netty.util.ResourceLeakDetector - LEAK: ByteBuf.release() was not called before it's garbage-collected. See http://netty.io/wiki/reference-counted-objects.html for more information.
Recent access records: 
2021-48-18 23:48:34.026 [nioEventLoopGroup-4-6] ERROR io.netty.util.ResourceLeakDetector - LEAK: ByteBuf.release() was not called before it's garbage-collected. See http://netty.io/wiki/reference-counted-objects.html for more information.
Recent access records: 
2021-01-19 00:01:51.953 [nioEventLoopGroup-4-6] ERROR io.netty.util.ResourceLeakDetector - LEAK: ByteBuf.release() was not called before it's garbage-collected. See http://netty.io/wiki/reference-counted-objects.html for more information.
Recent access records: 
2021-02-19 00:02:42.153 [lettuce-epollEventLoop-20-3] ERROR io.netty.util.ResourceLeakDetector - LEAK: ByteBuf.release() was not called before it's garbage-collected. See http://netty.io/wiki/reference-counted-objects.html for more information.
Recent access records: 
2021-08-19 00:08:39.836 [nioEventLoopGroup-4-3] ERROR io.netty.util.ResourceLeakDetector - LEAK: ByteBuf.release() was not called before it's garbage-collected. See http://netty.io/wiki/reference-counted-objects.html for more information.
Recent access records: 
2021-10-19 00:10:28.292 [nioEventLoopGroup-5-7] ERROR io.netty.util.ResourceLeakDetector - LEAK: ByteBuf.release() was not called before it's garbage-collected. See http://netty.io/wiki/reference-counted-objects.html for more information.
Recent access records: 
2021-22-19 00:22:59.768 [nioEventLoopGroup-4-4] ERROR io.netty.util.ResourceLeakDetector - LEAK: ByteBuf.release() was not called before it's garbage-collected. See http://netty.io/wiki/reference-counted-objects.html for more information.
Recent access records: 
2021-51-19 00:51:42.856 [lettuce-epollEventLoop-16-3] ERROR io.netty.util.ResourceLeakDetector - LEAK: ByteBuf.release() was not called before it's garbage-collected. See http://netty.io/wiki/reference-counted-objects.html for more information.
Recent access records: 
2021-42-19 01:42:39.001 [nioEventLoopGroup-4-2] ERROR io.netty.util.ResourceLeakDetector - LEAK: ByteBuf.release() was not called before it's garbage-collected. See http://netty.io/wiki/reference-counted-objects.html for more information.
Recent access records: 
2021-39-28 03:39:03.444 [nioEventLoopGroup-4-4] ERROR io.netty.util.ResourceLeakDetector - LEAK: ByteBuf.release() was not called before it's garbage-collected. See http://netty.io/wiki/reference-counted-objects.html for more information.
Recent access records: 
2021-39-28 03:39:05.129 [pool-30-thread-3] ERROR com.rabbitmq.client.impl.ForgivingExceptionHandler - Consumer NettyWebServer.RequestHandler$1@5d64fd90 (amq.ctag-kHhTVjs1lYiX_bCTHZLnDQ) method handleDelivery for channel AMQChannel(amqp://guest@127.0.0.1:5672/,1) threw an exception for channel AMQChannel(amqp://guest@127.0.0.1:5672/,1)
java.io.IOException: Unknown consumerTag
	at com.rabbitmq.client.impl.ChannelN.basicCancel(ChannelN.java:1455) ~[amqp-client-5.1.2.jar:5.1.2]
	at com.rabbitmq.client.impl.recovery.AutorecoveringChannel.basicCancel(AutorecoveringChannel.java:650) ~[amqp-client-5.1.2.jar:5.1.2]
	at NettyWebServer.RequestHandler$1.handleDelivery(RequestHandler.java:281) ~[classes/:?]
	at com.rabbitmq.client.impl.ConsumerDispatcher$5.run(ConsumerDispatcher.java:149) [amqp-client-5.1.2.jar:5.1.2]
	at com.rabbitmq.client.impl.ConsumerWorkService$WorkPoolRunnable.run(ConsumerWorkService.java:100) [amqp-client-5.1.2.jar:5.1.2]
	at java.util.concurrent.ThreadPoolExecutor.runWorker(ThreadPoolExecutor.java:1130) [?:?]
	at java.util.concurrent.ThreadPoolExecutor$Worker.run(ThreadPoolExecutor.java:630) [?:?]
	at java.lang.Thread.run(Thread.java:832) [?:?]
2021-39-28 03:39:05.202 [pool-30-thread-3] ERROR com.rabbitmq.client.impl.ForgivingExceptionHandler - Consumer NettyWebServer.RequestHandler$1@5d64fd90 (amq.ctag-kHhTVjs1lYiX_bCTHZLnDQ) method handleDelivery for channel AMQChannel(amqp://guest@127.0.0.1:5672/,1) threw an exception for channel AMQChannel(amqp://guest@127.0.0.1:5672/,1)
java.io.IOException: Unknown consumerTag
	at com.rabbitmq.client.impl.ChannelN.basicCancel(ChannelN.java:1455) ~[amqp-client-5.1.2.jar:5.1.2]
	at com.rabbitmq.client.impl.recovery.AutorecoveringChannel.basicCancel(AutorecoveringChannel.java:650) ~[amqp-client-5.1.2.jar:5.1.2]
	at NettyWebServer.RequestHandler$1.handleDelivery(RequestHandler.java:281) ~[classes/:?]
	at com.rabbitmq.client.impl.ConsumerDispatcher$5.run(ConsumerDispatcher.java:149) [amqp-client-5.1.2.jar:5.1.2]
	at com.rabbitmq.client.impl.ConsumerWorkService$WorkPoolRunnable.run(ConsumerWorkService.java:100) [amqp-client-5.1.2.jar:5.1.2]
	at java.util.concurrent.ThreadPoolExecutor.runWorker(ThreadPoolExecutor.java:1130) [?:?]
	at java.util.concurrent.ThreadPoolExecutor$Worker.run(ThreadPoolExecutor.java:630) [?:?]
	at java.lang.Thread.run(Thread.java:832) [?:?]
2021-39-28 03:39:05.223 [pool-30-thread-3] ERROR com.rabbitmq.client.impl.ForgivingExceptionHandler - Consumer NettyWebServer.RequestHandler$1@5d64fd90 (amq.ctag-kHhTVjs1lYiX_bCTHZLnDQ) method handleDelivery for channel AMQChannel(amqp://guest@127.0.0.1:5672/,1) threw an exception for channel AMQChannel(amqp://guest@127.0.0.1:5672/,1)
java.io.IOException: Unknown consumerTag
	at com.rabbitmq.client.impl.ChannelN.basicCancel(ChannelN.java:1455) ~[amqp-client-5.1.2.jar:5.1.2]
	at com.rabbitmq.client.impl.recovery.AutorecoveringChannel.basicCancel(AutorecoveringChannel.java:650) ~[amqp-client-5.1.2.jar:5.1.2]
	at NettyWebServer.RequestHandler$1.handleDelivery(RequestHandler.java:281) ~[classes/:?]
	at com.rabbitmq.client.impl.ConsumerDispatcher$5.run(ConsumerDispatcher.java:149) [amqp-client-5.1.2.jar:5.1.2]
	at com.rabbitmq.client.impl.ConsumerWorkService$WorkPoolRunnable.run(ConsumerWorkService.java:100) [amqp-client-5.1.2.jar:5.1.2]
	at java.util.concurrent.ThreadPoolExecutor.runWorker(ThreadPoolExecutor.java:1130) [?:?]
	at java.util.concurrent.ThreadPoolExecutor$Worker.run(ThreadPoolExecutor.java:630) [?:?]
	at java.lang.Thread.run(Thread.java:832) [?:?]
2021-39-28 03:39:05.264 [pool-30-thread-3] ERROR com.rabbitmq.client.impl.ForgivingExceptionHandler - Consumer NettyWebServer.RequestHandler$1@5d64fd90 (amq.ctag-kHhTVjs1lYiX_bCTHZLnDQ) method handleDelivery for channel AMQChannel(amqp://guest@127.0.0.1:5672/,1) threw an exception for channel AMQChannel(amqp://guest@127.0.0.1:5672/,1)
java.io.IOException: Unknown consumerTag
	at com.rabbitmq.client.impl.ChannelN.basicCancel(ChannelN.java:1455) ~[amqp-client-5.1.2.jar:5.1.2]
	at com.rabbitmq.client.impl.recovery.AutorecoveringChannel.basicCancel(AutorecoveringChannel.java:650) ~[amqp-client-5.1.2.jar:5.1.2]
	at NettyWebServer.RequestHandler$1.handleDelivery(RequestHandler.java:281) ~[classes/:?]
	at com.rabbitmq.client.impl.ConsumerDispatcher$5.run(ConsumerDispatcher.java:149) [amqp-client-5.1.2.jar:5.1.2]
	at com.rabbitmq.client.impl.ConsumerWorkService$WorkPoolRunnable.run(ConsumerWorkService.java:100) [amqp-client-5.1.2.jar:5.1.2]
	at java.util.concurrent.ThreadPoolExecutor.runWorker(ThreadPoolExecutor.java:1130) [?:?]
	at java.util.concurrent.ThreadPoolExecutor$Worker.run(ThreadPoolExecutor.java:630) [?:?]
	at java.lang.Thread.run(Thread.java:832) [?:?]
2021-39-28 03:39:05.295 [pool-30-thread-3] ERROR com.rabbitmq.client.impl.ForgivingExceptionHandler - Consumer NettyWebServer.RequestHandler$1@5d64fd90 (amq.ctag-kHhTVjs1lYiX_bCTHZLnDQ) method handleDelivery for channel AMQChannel(amqp://guest@127.0.0.1:5672/,1) threw an exception for channel AMQChannel(amqp://guest@127.0.0.1:5672/,1)
java.io.IOException: Unknown consumerTag
	at com.rabbitmq.client.impl.ChannelN.basicCancel(ChannelN.java:1455) ~[amqp-client-5.1.2.jar:5.1.2]
	at com.rabbitmq.client.impl.recovery.AutorecoveringChannel.basicCancel(AutorecoveringChannel.java:650) ~[amqp-client-5.1.2.jar:5.1.2]
	at NettyWebServer.RequestHandler$1.handleDelivery(RequestHandler.java:281) ~[classes/:?]
	at com.rabbitmq.client.impl.ConsumerDispatcher$5.run(ConsumerDispatcher.java:149) [amqp-client-5.1.2.jar:5.1.2]
	at com.rabbitmq.client.impl.ConsumerWorkService$WorkPoolRunnable.run(ConsumerWorkService.java:100) [amqp-client-5.1.2.jar:5.1.2]
	at java.util.concurrent.ThreadPoolExecutor.runWorker(ThreadPoolExecutor.java:1130) [?:?]
	at java.util.concurrent.ThreadPoolExecutor$Worker.run(ThreadPoolExecutor.java:630) [?:?]
	at java.lang.Thread.run(Thread.java:832) [?:?]
2021-39-28 03:39:05.337 [pool-30-thread-3] ERROR com.rabbitmq.client.impl.ForgivingExceptionHandler - Consumer NettyWebServer.RequestHandler$1@5d64fd90 (amq.ctag-kHhTVjs1lYiX_bCTHZLnDQ) method handleDelivery for channel AMQChannel(amqp://guest@127.0.0.1:5672/,1) threw an exception for channel AMQChannel(amqp://guest@127.0.0.1:5672/,1)
java.io.IOException: Unknown consumerTag
	at com.rabbitmq.client.impl.ChannelN.basicCancel(ChannelN.java:1455) ~[amqp-client-5.1.2.jar:5.1.2]
	at com.rabbitmq.client.impl.recovery.AutorecoveringChannel.basicCancel(AutorecoveringChannel.java:650) ~[amqp-client-5.1.2.jar:5.1.2]
	at NettyWebServer.RequestHandler$1.handleDelivery(RequestHandler.java:281) ~[classes/:?]
	at com.rabbitmq.client.impl.ConsumerDispatcher$5.run(ConsumerDispatcher.java:149) [amqp-client-5.1.2.jar:5.1.2]
	at com.rabbitmq.client.impl.ConsumerWorkService$WorkPoolRunnable.run(ConsumerWorkService.java:100) [amqp-client-5.1.2.jar:5.1.2]
	at java.util.concurrent.ThreadPoolExecutor.runWorker(ThreadPoolExecutor.java:1130) [?:?]
	at java.util.concurrent.ThreadPoolExecutor$Worker.run(ThreadPoolExecutor.java:630) [?:?]
	at java.lang.Thread.run(Thread.java:832) [?:?]
2021-43-28 03:43:04.518 [pool-40-thread-5] ERROR com.rabbitmq.client.impl.ForgivingExceptionHandler - Consumer NettyWebServer.RequestHandler$1@262a8f13 (amq.ctag-KVxuYATBGzfaeHrK6aM2PA) method handleDelivery for channel AMQChannel(amqp://guest@127.0.0.1:5672/,1) threw an exception for channel AMQChannel(amqp://guest@127.0.0.1:5672/,1)
java.io.IOException: Unknown consumerTag
	at com.rabbitmq.client.impl.ChannelN.basicCancel(ChannelN.java:1455) ~[amqp-client-5.1.2.jar:5.1.2]
	at com.rabbitmq.client.impl.recovery.AutorecoveringChannel.basicCancel(AutorecoveringChannel.java:650) ~[amqp-client-5.1.2.jar:5.1.2]
	at NettyWebServer.RequestHandler$1.handleDelivery(RequestHandler.java:281) ~[classes/:?]
	at com.rabbitmq.client.impl.ConsumerDispatcher$5.run(ConsumerDispatcher.java:149) [amqp-client-5.1.2.jar:5.1.2]
	at com.rabbitmq.client.impl.ConsumerWorkService$WorkPoolRunnable.run(ConsumerWorkService.java:100) [amqp-client-5.1.2.jar:5.1.2]
	at java.util.concurrent.ThreadPoolExecutor.runWorker(ThreadPoolExecutor.java:1130) [?:?]
	at java.util.concurrent.ThreadPoolExecutor$Worker.run(ThreadPoolExecutor.java:630) [?:?]
	at java.lang.Thread.run(Thread.java:832) [?:?]
